{"uid":"e36e3f78774a6306","name":"This testng test is to validate login","fullName":"com.qa.feature.SpringTestNGTest.testLogin","historyId":"2239d9af37e754f5190139b62a4c2141","time":{"start":1706420320278,"stop":1706420320282,"duration":4},"description":"This testng test is to validate login","descriptionHtml":"<p>This testng test is to validate login</p>\n","status":"skipped","statusMessage":"Error creating bean with name 'com.qa.feature.SpringTestNGTest': Unsatisfied dependency expressed through field 'driver'; nested exception is org.springframework.beans.factory.BeanCreationException: Error creating bean with name 'getRemoteWebDriverForChrome' defined in class path resource [com/qa/config/RemoteWebDriverFactory.class]: Bean instantiation via factory method failed; nested exception is org.springframework.beans.BeanInstantiationException: Failed to instantiate [org.openqa.selenium.WebDriver]: Factory method 'getRemoteWebDriverForChrome' threw exception; nested exception is org.openqa.selenium.SessionNotCreatedException: Could not start a new session. Response code 500. Message: Error forwarding the new session Empty pool of VM for setup Capabilities {browserName: chrome, goog:chromeOptions: {args: [], extensions: []}}\nBuild info: version: '4.1.1', revision: 'e8fcc2cecf'\nSystem info: host: 'fv-az1024-279', ip: '10.1.0.101', os.name: 'Linux', os.arch: 'amd64', os.version: '6.2.0-1018-azure', java.version: '11.0.22'\nDriver info: org.openqa.selenium.remote.RemoteWebDriver\nCommand: [null, newSession {capabilities=[Capabilities {browserName: chrome, goog:chromeOptions: {args: [], extensions: []}}], desiredCapabilities=Capabilities {browserName: chrome, goog:chromeOptions: {args: [], extensions: []}}}]\nCapabilities {}","statusTrace":"org.springframework.beans.factory.UnsatisfiedDependencyException: Error creating bean with name 'com.qa.feature.SpringTestNGTest': Unsatisfied dependency expressed through field 'driver'; nested exception is org.springframework.beans.factory.BeanCreationException: Error creating bean with name 'getRemoteWebDriverForChrome' defined in class path resource [com/qa/config/RemoteWebDriverFactory.class]: Bean instantiation via factory method failed; nested exception is org.springframework.beans.BeanInstantiationException: Failed to instantiate [org.openqa.selenium.WebDriver]: Factory method 'getRemoteWebDriverForChrome' threw exception; nested exception is org.openqa.selenium.SessionNotCreatedException: Could not start a new session. Response code 500. Message: Error forwarding the new session Empty pool of VM for setup Capabilities {browserName: chrome, goog:chromeOptions: {args: [], extensions: []}}\nBuild info: version: '4.1.1', revision: 'e8fcc2cecf'\nSystem info: host: 'fv-az1024-279', ip: '10.1.0.101', os.name: 'Linux', os.arch: 'amd64', os.version: '6.2.0-1018-azure', java.version: '11.0.22'\nDriver info: org.openqa.selenium.remote.RemoteWebDriver\nCommand: [null, newSession {capabilities=[Capabilities {browserName: chrome, goog:chromeOptions: {args: [], extensions: []}}], desiredCapabilities=Capabilities {browserName: chrome, goog:chromeOptions: {args: [], extensions: []}}}]\nCapabilities {}\n\tat org.springframework.beans.factory.annotation.AutowiredAnnotationBeanPostProcessor$AutowiredFieldElement.resolveFieldValue(AutowiredAnnotationBeanPostProcessor.java:659)\n\tat org.springframework.beans.factory.annotation.AutowiredAnnotationBeanPostProcessor$AutowiredFieldElement.inject(AutowiredAnnotationBeanPostProcessor.java:639)\n\tat org.springframework.beans.factory.annotation.InjectionMetadata.inject(InjectionMetadata.java:119)\n\tat org.springframework.beans.factory.annotation.AutowiredAnnotationBeanPostProcessor.postProcessProperties(AutowiredAnnotationBeanPostProcessor.java:399)\n\tat org.springframework.beans.factory.support.AbstractAutowireCapableBeanFactory.populateBean(AbstractAutowireCapableBeanFactory.java:1431)\n\tat org.springframework.beans.factory.support.AbstractAutowireCapableBeanFactory.autowireBeanProperties(AbstractAutowireCapableBeanFactory.java:417)\n\tat org.springframework.test.context.support.DependencyInjectionTestExecutionListener.injectDependencies(DependencyInjectionTestExecutionListener.java:119)\n\tat org.springframework.test.context.support.DependencyInjectionTestExecutionListener.prepareTestInstance(DependencyInjectionTestExecutionListener.java:83)\n\tat org.springframework.test.context.TestContextManager.prepareTestInstance(TestContextManager.java:248)\n\tat org.springframework.test.context.testng.AbstractTestNGSpringContextTests.springTestContextPrepareTestInstance(AbstractTestNGSpringContextTests.java:149)\n\tat com.qa.common.BaseTest.springTestContextPrepareTestInstance(BaseTest.java:28)\n\tat java.base/jdk.internal.reflect.NativeMethodAccessorImpl.invoke0(Native Method)\n\tat java.base/jdk.internal.reflect.NativeMethodAccessorImpl.invoke(NativeMethodAccessorImpl.java:62)\n\tat java.base/jdk.internal.reflect.DelegatingMethodAccessorImpl.invoke(DelegatingMethodAccessorImpl.java:43)\n\tat java.base/java.lang.reflect.Method.invoke(Method.java:566)\n\tat org.testng.internal.MethodInvocationHelper.invokeMethod(MethodInvocationHelper.java:133)\n\tat org.testng.internal.MethodInvocationHelper.invokeMethodConsideringTimeout(MethodInvocationHelper.java:62)\n\tat org.testng.internal.ConfigInvoker.invokeConfigurationMethod(ConfigInvoker.java:385)\n\tat org.testng.internal.ConfigInvoker.invokeConfigurations(ConfigInvoker.java:321)\n\tat org.testng.internal.TestInvoker.runConfigMethods(TestInvoker.java:700)\n\tat org.testng.internal.TestInvoker.invokeMethod(TestInvoker.java:527)\n\tat org.testng.internal.TestInvoker.invokeTestMethod(TestInvoker.java:173)\n\tat org.testng.internal.MethodRunner.runInSequence(MethodRunner.java:46)\n\tat org.testng.internal.TestInvoker$MethodInvocationAgent.invoke(TestInvoker.java:824)\n\tat org.testng.internal.TestInvoker.invokeTestMethods(TestInvoker.java:146)\n\tat org.testng.internal.TestMethodWorker.invokeTestMethods(TestMethodWorker.java:146)\n\tat org.testng.internal.TestMethodWorker.run(TestMethodWorker.java:128)\n\tat java.base/java.util.ArrayList.forEach(ArrayList.java:1541)\n\tat org.testng.TestRunner.privateRun(TestRunner.java:794)\n\tat org.testng.TestRunner.run(TestRunner.java:596)\n\tat org.testng.SuiteRunner.runTest(SuiteRunner.java:377)\n\tat org.testng.SuiteRunner.access$000(SuiteRunner.java:28)\n\tat org.testng.SuiteRunner$SuiteWorker.run(SuiteRunner.java:418)\n\tat org.testng.internal.thread.ThreadUtil.lambda$execute$0(ThreadUtil.java:64)\n\tat java.base/java.util.concurrent.FutureTask.run(FutureTask.java:264)\n\tat java.base/java.util.concurrent.ThreadPoolExecutor.runWorker(ThreadPoolExecutor.java:1128)\n\tat java.base/java.util.concurrent.ThreadPoolExecutor$Worker.run(ThreadPoolExecutor.java:628)\n\tat java.base/java.lang.Thread.run(Thread.java:829)\nCaused by: org.springframework.beans.factory.BeanCreationException: Error creating bean with name 'getRemoteWebDriverForChrome' defined in class path resource [com/qa/config/RemoteWebDriverFactory.class]: Bean instantiation via factory method failed; nested exception is org.springframework.beans.BeanInstantiationException: Failed to instantiate [org.openqa.selenium.WebDriver]: Factory method 'getRemoteWebDriverForChrome' threw exception; nested exception is org.openqa.selenium.SessionNotCreatedException: Could not start a new session. Response code 500. Message: Error forwarding the new session Empty pool of VM for setup Capabilities {browserName: chrome, goog:chromeOptions: {args: [], extensions: []}}\nBuild info: version: '4.1.1', revision: 'e8fcc2cecf'\nSystem info: host: 'fv-az1024-279', ip: '10.1.0.101', os.name: 'Linux', os.arch: 'amd64', os.version: '6.2.0-1018-azure', java.version: '11.0.22'\nDriver info: org.openqa.selenium.remote.RemoteWebDriver\nCommand: [null, newSession {capabilities=[Capabilities {browserName: chrome, goog:chromeOptions: {args: [], extensions: []}}], desiredCapabilities=Capabilities {browserName: chrome, goog:chromeOptions: {args: [], extensions: []}}}]\nCapabilities {}\n\tat org.springframework.beans.factory.support.ConstructorResolver.instantiate(ConstructorResolver.java:658)\n\tat org.springframework.beans.factory.support.ConstructorResolver.instantiateUsingFactoryMethod(ConstructorResolver.java:486)\n\tat org.springframework.beans.factory.support.AbstractAutowireCapableBeanFactory.instantiateUsingFactoryMethod(AbstractAutowireCapableBeanFactory.java:1352)\n\tat org.springframework.beans.factory.support.AbstractAutowireCapableBeanFactory.createBeanInstance(AbstractAutowireCapableBeanFactory.java:1195)\n\tat org.springframework.beans.factory.support.AbstractAutowireCapableBeanFactory.doCreateBean(AbstractAutowireCapableBeanFactory.java:582)\n\tat org.springframework.beans.factory.support.AbstractAutowireCapableBeanFactory.createBean(AbstractAutowireCapableBeanFactory.java:542)\n\tat org.springframework.beans.factory.support.AbstractBeanFactory.lambda$doGetBean$1(AbstractBeanFactory.java:374)\n\tat org.springframework.context.support.SimpleThreadScope.get(SimpleThreadScope.java:74)\n\tat com.qa.config.DriverScope.get(DriverScope.java:10)\n\tat org.springframework.beans.factory.support.AbstractBeanFactory.doGetBean(AbstractBeanFactory.java:371)\n\tat org.springframework.beans.factory.support.AbstractBeanFactory.getBean(AbstractBeanFactory.java:208)\n\tat org.springframework.beans.factory.config.DependencyDescriptor.resolveCandidate(DependencyDescriptor.java:276)\n\tat org.springframework.beans.factory.support.DefaultListableBeanFactory.doResolveDependency(DefaultListableBeanFactory.java:1389)\n\tat org.springframework.beans.factory.support.DefaultListableBeanFactory.resolveDependency(DefaultListableBeanFactory.java:1309)\n\tat org.springframework.beans.factory.annotation.AutowiredAnnotationBeanPostProcessor$AutowiredFieldElement.resolveFieldValue(AutowiredAnnotationBeanPostProcessor.java:656)\n\t... 37 more\nCaused by: org.springframework.beans.BeanInstantiationException: Failed to instantiate [org.openqa.selenium.WebDriver]: Factory method 'getRemoteWebDriverForChrome' threw exception; nested exception is org.openqa.selenium.SessionNotCreatedException: Could not start a new session. Response code 500. Message: Error forwarding the new session Empty pool of VM for setup Capabilities {browserName: chrome, goog:chromeOptions: {args: [], extensions: []}}\nBuild info: version: '4.1.1', revision: 'e8fcc2cecf'\nSystem info: host: 'fv-az1024-279', ip: '10.1.0.101', os.name: 'Linux', os.arch: 'amd64', os.version: '6.2.0-1018-azure', java.version: '11.0.22'\nDriver info: org.openqa.selenium.remote.RemoteWebDriver\nCommand: [null, newSession {capabilities=[Capabilities {browserName: chrome, goog:chromeOptions: {args: [], extensions: []}}], desiredCapabilities=Capabilities {browserName: chrome, goog:chromeOptions: {args: [], extensions: []}}}]\nCapabilities {}\n\tat org.springframework.beans.factory.support.SimpleInstantiationStrategy.instantiate(SimpleInstantiationStrategy.java:185)\n\tat org.springframework.beans.factory.support.ConstructorResolver.instantiate(ConstructorResolver.java:653)\n\t... 51 more\nCaused by: org.openqa.selenium.SessionNotCreatedException: Could not start a new session. Response code 500. Message: Error forwarding the new session Empty pool of VM for setup Capabilities {browserName: chrome, goog:chromeOptions: {args: [], extensions: []}}\nBuild info: version: '4.1.1', revision: 'e8fcc2cecf'\nSystem info: host: 'fv-az1024-279', ip: '10.1.0.101', os.name: 'Linux', os.arch: 'amd64', os.version: '6.2.0-1018-azure', java.version: '11.0.22'\nDriver info: org.openqa.selenium.remote.RemoteWebDriver\nCommand: [null, newSession {capabilities=[Capabilities {browserName: chrome, goog:chromeOptions: {args: [], extensions: []}}], desiredCapabilities=Capabilities {browserName: chrome, goog:chromeOptions: {args: [], extensions: []}}}]\nCapabilities {}\n\tat org.openqa.selenium.remote.ProtocolHandshake.createSession(ProtocolHandshake.java:126)\n\tat org.openqa.selenium.remote.ProtocolHandshake.createSession(ProtocolHandshake.java:84)\n\tat org.openqa.selenium.remote.ProtocolHandshake.createSession(ProtocolHandshake.java:62)\n\tat org.openqa.selenium.remote.HttpCommandExecutor.execute(HttpCommandExecutor.java:156)\n\tat org.openqa.selenium.remote.TracedCommandExecutor.execute(TracedCommandExecutor.java:51)\n\tat org.openqa.selenium.remote.RemoteWebDriver.execute(RemoteWebDriver.java:543)\n\tat org.openqa.selenium.remote.RemoteWebDriver.startSession(RemoteWebDriver.java:230)\n\tat org.openqa.selenium.remote.RemoteWebDriver.<init>(RemoteWebDriver.java:151)\n\tat org.openqa.selenium.remote.RemoteWebDriver.<init>(RemoteWebDriver.java:138)\n\tat com.qa.config.RemoteWebDriverFactory.getRemoteWebDriverForChrome(RemoteWebDriverFactory.java:25)\n\tat com.qa.config.RemoteWebDriverFactory$$EnhancerBySpringCGLIB$$8f65d1c.CGLIB$getRemoteWebDriverForChrome$0(<generated>)\n\tat com.qa.config.RemoteWebDriverFactory$$EnhancerBySpringCGLIB$$8f65d1c$$FastClassBySpringCGLIB$$4ed835bf.invoke(<generated>)\n\tat org.springframework.cglib.proxy.MethodProxy.invokeSuper(MethodProxy.java:244)\n\tat org.springframework.context.annotation.ConfigurationClassEnhancer$BeanMethodInterceptor.intercept(ConfigurationClassEnhancer.java:331)\n\tat com.qa.config.RemoteWebDriverFactory$$EnhancerBySpringCGLIB$$8f65d1c.getRemoteWebDriverForChrome(<generated>)\n\tat java.base/jdk.internal.reflect.NativeMethodAccessorImpl.invoke0(Native Method)\n\tat java.base/jdk.internal.reflect.NativeMethodAccessorImpl.invoke(NativeMethodAccessorImpl.java:62)\n\tat java.base/jdk.internal.reflect.DelegatingMethodAccessorImpl.invoke(DelegatingMethodAccessorImpl.java:43)\n\tat java.base/java.lang.reflect.Method.invoke(Method.java:566)\n\tat org.springframework.beans.factory.support.SimpleInstantiationStrategy.instantiate(SimpleInstantiationStrategy.java:154)\n\t... 52 more\n","flaky":false,"newFailed":false,"newBroken":false,"newPassed":false,"retriesCount":0,"retriesStatusChange":false,"beforeStages":[{"name":"springTestContextBeforeTestClass","time":{"start":1706420313648,"stop":1706420313750,"duration":102},"description":"","status":"passed","steps":[],"attachments":[],"parameters":[],"shouldDisplayMessage":false,"stepsCount":0,"attachmentsCount":0,"hasContent":false,"attachmentStep":false},{"name":"springTestContextBeforeTestMethod","time":{"start":1706420313842,"stop":1706420313877,"duration":35},"description":"","status":"passed","steps":[],"attachments":[],"parameters":[],"shouldDisplayMessage":false,"stepsCount":0,"attachmentsCount":0,"hasContent":false,"attachmentStep":false},{"name":"springTestContextPrepareTestInstance","time":{"start":1706420314208,"stop":1706420320128,"duration":5920},"description":"","status":"broken","statusMessage":"Error creating bean with name 'com.qa.feature.SpringTestNGTest': Unsatisfied dependency expressed through field 'driver'; nested exception is org.springframework.beans.factory.BeanCreationException: Error creating bean with name 'getRemoteWebDriverForChrome' defined in class path resource [com/qa/config/RemoteWebDriverFactory.class]: Bean instantiation via factory method failed; nested exception is org.springframework.beans.BeanInstantiationException: Failed to instantiate [org.openqa.selenium.WebDriver]: Factory method 'getRemoteWebDriverForChrome' threw exception; nested exception is org.openqa.selenium.SessionNotCreatedException: Could not start a new session. Response code 500. Message: Error forwarding the new session Empty pool of VM for setup Capabilities {browserName: chrome, goog:chromeOptions: {args: [], extensions: []}}\nBuild info: version: '4.1.1', revision: 'e8fcc2cecf'\nSystem info: host: 'fv-az1024-279', ip: '10.1.0.101', os.name: 'Linux', os.arch: 'amd64', os.version: '6.2.0-1018-azure', java.version: '11.0.22'\nDriver info: org.openqa.selenium.remote.RemoteWebDriver\nCommand: [null, newSession {capabilities=[Capabilities {browserName: chrome, goog:chromeOptions: {args: [], extensions: []}}], desiredCapabilities=Capabilities {browserName: chrome, goog:chromeOptions: {args: [], extensions: []}}}]\nCapabilities {}","statusTrace":"org.springframework.beans.factory.UnsatisfiedDependencyException: Error creating bean with name 'com.qa.feature.SpringTestNGTest': Unsatisfied dependency expressed through field 'driver'; nested exception is org.springframework.beans.factory.BeanCreationException: Error creating bean with name 'getRemoteWebDriverForChrome' defined in class path resource [com/qa/config/RemoteWebDriverFactory.class]: Bean instantiation via factory method failed; nested exception is org.springframework.beans.BeanInstantiationException: Failed to instantiate [org.openqa.selenium.WebDriver]: Factory method 'getRemoteWebDriverForChrome' threw exception; nested exception is org.openqa.selenium.SessionNotCreatedException: Could not start a new session. Response code 500. Message: Error forwarding the new session Empty pool of VM for setup Capabilities {browserName: chrome, goog:chromeOptions: {args: [], extensions: []}}\nBuild info: version: '4.1.1', revision: 'e8fcc2cecf'\nSystem info: host: 'fv-az1024-279', ip: '10.1.0.101', os.name: 'Linux', os.arch: 'amd64', os.version: '6.2.0-1018-azure', java.version: '11.0.22'\nDriver info: org.openqa.selenium.remote.RemoteWebDriver\nCommand: [null, newSession {capabilities=[Capabilities {browserName: chrome, goog:chromeOptions: {args: [], extensions: []}}], desiredCapabilities=Capabilities {browserName: chrome, goog:chromeOptions: {args: [], extensions: []}}}]\nCapabilities {}\n\tat org.springframework.beans.factory.annotation.AutowiredAnnotationBeanPostProcessor$AutowiredFieldElement.resolveFieldValue(AutowiredAnnotationBeanPostProcessor.java:659)\n\tat org.springframework.beans.factory.annotation.AutowiredAnnotationBeanPostProcessor$AutowiredFieldElement.inject(AutowiredAnnotationBeanPostProcessor.java:639)\n\tat org.springframework.beans.factory.annotation.InjectionMetadata.inject(InjectionMetadata.java:119)\n\tat org.springframework.beans.factory.annotation.AutowiredAnnotationBeanPostProcessor.postProcessProperties(AutowiredAnnotationBeanPostProcessor.java:399)\n\tat org.springframework.beans.factory.support.AbstractAutowireCapableBeanFactory.populateBean(AbstractAutowireCapableBeanFactory.java:1431)\n\tat org.springframework.beans.factory.support.AbstractAutowireCapableBeanFactory.autowireBeanProperties(AbstractAutowireCapableBeanFactory.java:417)\n\tat org.springframework.test.context.support.DependencyInjectionTestExecutionListener.injectDependencies(DependencyInjectionTestExecutionListener.java:119)\n\tat org.springframework.test.context.support.DependencyInjectionTestExecutionListener.prepareTestInstance(DependencyInjectionTestExecutionListener.java:83)\n\tat org.springframework.test.context.TestContextManager.prepareTestInstance(TestContextManager.java:248)\n\tat org.springframework.test.context.testng.AbstractTestNGSpringContextTests.springTestContextPrepareTestInstance(AbstractTestNGSpringContextTests.java:149)\n\tat com.qa.common.BaseTest.springTestContextPrepareTestInstance(BaseTest.java:28)\n\tat java.base/jdk.internal.reflect.NativeMethodAccessorImpl.invoke0(Native Method)\n\tat java.base/jdk.internal.reflect.NativeMethodAccessorImpl.invoke(NativeMethodAccessorImpl.java:62)\n\tat java.base/jdk.internal.reflect.DelegatingMethodAccessorImpl.invoke(DelegatingMethodAccessorImpl.java:43)\n\tat java.base/java.lang.reflect.Method.invoke(Method.java:566)\n\tat org.testng.internal.MethodInvocationHelper.invokeMethod(MethodInvocationHelper.java:133)\n\tat org.testng.internal.MethodInvocationHelper.invokeMethodConsideringTimeout(MethodInvocationHelper.java:62)\n\tat org.testng.internal.ConfigInvoker.invokeConfigurationMethod(ConfigInvoker.java:385)\n\tat org.testng.internal.ConfigInvoker.invokeConfigurations(ConfigInvoker.java:321)\n\tat org.testng.internal.TestInvoker.runConfigMethods(TestInvoker.java:700)\n\tat org.testng.internal.TestInvoker.invokeMethod(TestInvoker.java:527)\n\tat org.testng.internal.TestInvoker.invokeTestMethod(TestInvoker.java:173)\n\tat org.testng.internal.MethodRunner.runInSequence(MethodRunner.java:46)\n\tat org.testng.internal.TestInvoker$MethodInvocationAgent.invoke(TestInvoker.java:824)\n\tat org.testng.internal.TestInvoker.invokeTestMethods(TestInvoker.java:146)\n\tat org.testng.internal.TestMethodWorker.invokeTestMethods(TestMethodWorker.java:146)\n\tat org.testng.internal.TestMethodWorker.run(TestMethodWorker.java:128)\n\tat java.base/java.util.ArrayList.forEach(ArrayList.java:1541)\n\tat org.testng.TestRunner.privateRun(TestRunner.java:794)\n\tat org.testng.TestRunner.run(TestRunner.java:596)\n\tat org.testng.SuiteRunner.runTest(SuiteRunner.java:377)\n\tat org.testng.SuiteRunner.access$000(SuiteRunner.java:28)\n\tat org.testng.SuiteRunner$SuiteWorker.run(SuiteRunner.java:418)\n\tat org.testng.internal.thread.ThreadUtil.lambda$execute$0(ThreadUtil.java:64)\n\tat java.base/java.util.concurrent.FutureTask.run(FutureTask.java:264)\n\tat java.base/java.util.concurrent.ThreadPoolExecutor.runWorker(ThreadPoolExecutor.java:1128)\n\tat java.base/java.util.concurrent.ThreadPoolExecutor$Worker.run(ThreadPoolExecutor.java:628)\n\tat java.base/java.lang.Thread.run(Thread.java:829)\nCaused by: org.springframework.beans.factory.BeanCreationException: Error creating bean with name 'getRemoteWebDriverForChrome' defined in class path resource [com/qa/config/RemoteWebDriverFactory.class]: Bean instantiation via factory method failed; nested exception is org.springframework.beans.BeanInstantiationException: Failed to instantiate [org.openqa.selenium.WebDriver]: Factory method 'getRemoteWebDriverForChrome' threw exception; nested exception is org.openqa.selenium.SessionNotCreatedException: Could not start a new session. Response code 500. Message: Error forwarding the new session Empty pool of VM for setup Capabilities {browserName: chrome, goog:chromeOptions: {args: [], extensions: []}}\nBuild info: version: '4.1.1', revision: 'e8fcc2cecf'\nSystem info: host: 'fv-az1024-279', ip: '10.1.0.101', os.name: 'Linux', os.arch: 'amd64', os.version: '6.2.0-1018-azure', java.version: '11.0.22'\nDriver info: org.openqa.selenium.remote.RemoteWebDriver\nCommand: [null, newSession {capabilities=[Capabilities {browserName: chrome, goog:chromeOptions: {args: [], extensions: []}}], desiredCapabilities=Capabilities {browserName: chrome, goog:chromeOptions: {args: [], extensions: []}}}]\nCapabilities {}\n\tat org.springframework.beans.factory.support.ConstructorResolver.instantiate(ConstructorResolver.java:658)\n\tat org.springframework.beans.factory.support.ConstructorResolver.instantiateUsingFactoryMethod(ConstructorResolver.java:486)\n\tat org.springframework.beans.factory.support.AbstractAutowireCapableBeanFactory.instantiateUsingFactoryMethod(AbstractAutowireCapableBeanFactory.java:1352)\n\tat org.springframework.beans.factory.support.AbstractAutowireCapableBeanFactory.createBeanInstance(AbstractAutowireCapableBeanFactory.java:1195)\n\tat org.springframework.beans.factory.support.AbstractAutowireCapableBeanFactory.doCreateBean(AbstractAutowireCapableBeanFactory.java:582)\n\tat org.springframework.beans.factory.support.AbstractAutowireCapableBeanFactory.createBean(AbstractAutowireCapableBeanFactory.java:542)\n\tat org.springframework.beans.factory.support.AbstractBeanFactory.lambda$doGetBean$1(AbstractBeanFactory.java:374)\n\tat org.springframework.context.support.SimpleThreadScope.get(SimpleThreadScope.java:74)\n\tat com.qa.config.DriverScope.get(DriverScope.java:10)\n\tat org.springframework.beans.factory.support.AbstractBeanFactory.doGetBean(AbstractBeanFactory.java:371)\n\tat org.springframework.beans.factory.support.AbstractBeanFactory.getBean(AbstractBeanFactory.java:208)\n\tat org.springframework.beans.factory.config.DependencyDescriptor.resolveCandidate(DependencyDescriptor.java:276)\n\tat org.springframework.beans.factory.support.DefaultListableBeanFactory.doResolveDependency(DefaultListableBeanFactory.java:1389)\n\tat org.springframework.beans.factory.support.DefaultListableBeanFactory.resolveDependency(DefaultListableBeanFactory.java:1309)\n\tat org.springframework.beans.factory.annotation.AutowiredAnnotationBeanPostProcessor$AutowiredFieldElement.resolveFieldValue(AutowiredAnnotationBeanPostProcessor.java:656)\n\t... 37 more\nCaused by: org.springframework.beans.BeanInstantiationException: Failed to instantiate [org.openqa.selenium.WebDriver]: Factory method 'getRemoteWebDriverForChrome' threw exception; nested exception is org.openqa.selenium.SessionNotCreatedException: Could not start a new session. Response code 500. Message: Error forwarding the new session Empty pool of VM for setup Capabilities {browserName: chrome, goog:chromeOptions: {args: [], extensions: []}}\nBuild info: version: '4.1.1', revision: 'e8fcc2cecf'\nSystem info: host: 'fv-az1024-279', ip: '10.1.0.101', os.name: 'Linux', os.arch: 'amd64', os.version: '6.2.0-1018-azure', java.version: '11.0.22'\nDriver info: org.openqa.selenium.remote.RemoteWebDriver\nCommand: [null, newSession {capabilities=[Capabilities {browserName: chrome, goog:chromeOptions: {args: [], extensions: []}}], desiredCapabilities=Capabilities {browserName: chrome, goog:chromeOptions: {args: [], extensions: []}}}]\nCapabilities {}\n\tat org.springframework.beans.factory.support.SimpleInstantiationStrategy.instantiate(SimpleInstantiationStrategy.java:185)\n\tat org.springframework.beans.factory.support.ConstructorResolver.instantiate(ConstructorResolver.java:653)\n\t... 51 more\nCaused by: org.openqa.selenium.SessionNotCreatedException: Could not start a new session. Response code 500. Message: Error forwarding the new session Empty pool of VM for setup Capabilities {browserName: chrome, goog:chromeOptions: {args: [], extensions: []}}\nBuild info: version: '4.1.1', revision: 'e8fcc2cecf'\nSystem info: host: 'fv-az1024-279', ip: '10.1.0.101', os.name: 'Linux', os.arch: 'amd64', os.version: '6.2.0-1018-azure', java.version: '11.0.22'\nDriver info: org.openqa.selenium.remote.RemoteWebDriver\nCommand: [null, newSession {capabilities=[Capabilities {browserName: chrome, goog:chromeOptions: {args: [], extensions: []}}], desiredCapabilities=Capabilities {browserName: chrome, goog:chromeOptions: {args: [], extensions: []}}}]\nCapabilities {}\n\tat org.openqa.selenium.remote.ProtocolHandshake.createSession(ProtocolHandshake.java:126)\n\tat org.openqa.selenium.remote.ProtocolHandshake.createSession(ProtocolHandshake.java:84)\n\tat org.openqa.selenium.remote.ProtocolHandshake.createSession(ProtocolHandshake.java:62)\n\tat org.openqa.selenium.remote.HttpCommandExecutor.execute(HttpCommandExecutor.java:156)\n\tat org.openqa.selenium.remote.TracedCommandExecutor.execute(TracedCommandExecutor.java:51)\n\tat org.openqa.selenium.remote.RemoteWebDriver.execute(RemoteWebDriver.java:543)\n\tat org.openqa.selenium.remote.RemoteWebDriver.startSession(RemoteWebDriver.java:230)\n\tat org.openqa.selenium.remote.RemoteWebDriver.<init>(RemoteWebDriver.java:151)\n\tat org.openqa.selenium.remote.RemoteWebDriver.<init>(RemoteWebDriver.java:138)\n\tat com.qa.config.RemoteWebDriverFactory.getRemoteWebDriverForChrome(RemoteWebDriverFactory.java:25)\n\tat com.qa.config.RemoteWebDriverFactory$$EnhancerBySpringCGLIB$$8f65d1c.CGLIB$getRemoteWebDriverForChrome$0(<generated>)\n\tat com.qa.config.RemoteWebDriverFactory$$EnhancerBySpringCGLIB$$8f65d1c$$FastClassBySpringCGLIB$$4ed835bf.invoke(<generated>)\n\tat org.springframework.cglib.proxy.MethodProxy.invokeSuper(MethodProxy.java:244)\n\tat org.springframework.context.annotation.ConfigurationClassEnhancer$BeanMethodInterceptor.intercept(ConfigurationClassEnhancer.java:331)\n\tat com.qa.config.RemoteWebDriverFactory$$EnhancerBySpringCGLIB$$8f65d1c.getRemoteWebDriverForChrome(<generated>)\n\tat java.base/jdk.internal.reflect.NativeMethodAccessorImpl.invoke0(Native Method)\n\tat java.base/jdk.internal.reflect.NativeMethodAccessorImpl.invoke(NativeMethodAccessorImpl.java:62)\n\tat java.base/jdk.internal.reflect.DelegatingMethodAccessorImpl.invoke(DelegatingMethodAccessorImpl.java:43)\n\tat java.base/java.lang.reflect.Method.invoke(Method.java:566)\n\tat org.springframework.beans.factory.support.SimpleInstantiationStrategy.instantiate(SimpleInstantiationStrategy.java:154)\n\t... 52 more\n","steps":[],"attachments":[],"parameters":[],"shouldDisplayMessage":true,"stepsCount":0,"attachmentsCount":0,"hasContent":true,"attachmentStep":false},{"name":"setupWebDriver","time":{"start":1706420320265,"stop":1706420320265,"duration":0},"description":"","status":"broken","steps":[],"attachments":[],"parameters":[],"shouldDisplayMessage":false,"stepsCount":0,"attachmentsCount":0,"hasContent":false,"attachmentStep":false}],"afterStages":[{"name":"tearDownBrowser","time":{"start":1706420320296,"stop":1706420320299,"duration":3},"description":"","status":"broken","statusMessage":"java.lang.NullPointerException","statusTrace":"java.lang.NullPointerException\n\tat com.qa.common.BaseTest.tearDownBrowser(BaseTest.java:34)\n\tat java.base/jdk.internal.reflect.NativeMethodAccessorImpl.invoke0(Native Method)\n\tat java.base/jdk.internal.reflect.NativeMethodAccessorImpl.invoke(NativeMethodAccessorImpl.java:62)\n\tat java.base/jdk.internal.reflect.DelegatingMethodAccessorImpl.invoke(DelegatingMethodAccessorImpl.java:43)\n\tat java.base/java.lang.reflect.Method.invoke(Method.java:566)\n\tat org.testng.internal.MethodInvocationHelper.invokeMethod(MethodInvocationHelper.java:133)\n\tat org.testng.internal.MethodInvocationHelper.invokeMethodConsideringTimeout(MethodInvocationHelper.java:62)\n\tat org.testng.internal.ConfigInvoker.invokeConfigurationMethod(ConfigInvoker.java:385)\n\tat org.testng.internal.ConfigInvoker.invokeConfigurations(ConfigInvoker.java:321)\n\tat org.testng.internal.TestInvoker.runConfigMethods(TestInvoker.java:700)\n\tat org.testng.internal.TestInvoker.runAfterGroupsConfigurations(TestInvoker.java:676)\n\tat org.testng.internal.TestInvoker.invokeMethod(TestInvoker.java:546)\n\tat org.testng.internal.TestInvoker.invokeTestMethod(TestInvoker.java:173)\n\tat org.testng.internal.MethodRunner.runInSequence(MethodRunner.java:46)\n\tat org.testng.internal.TestInvoker$MethodInvocationAgent.invoke(TestInvoker.java:824)\n\tat org.testng.internal.TestInvoker.invokeTestMethods(TestInvoker.java:146)\n\tat org.testng.internal.TestMethodWorker.invokeTestMethods(TestMethodWorker.java:146)\n\tat org.testng.internal.TestMethodWorker.run(TestMethodWorker.java:128)\n\tat java.base/java.util.ArrayList.forEach(ArrayList.java:1541)\n\tat org.testng.TestRunner.privateRun(TestRunner.java:794)\n\tat org.testng.TestRunner.run(TestRunner.java:596)\n\tat org.testng.SuiteRunner.runTest(SuiteRunner.java:377)\n\tat org.testng.SuiteRunner.access$000(SuiteRunner.java:28)\n\tat org.testng.SuiteRunner$SuiteWorker.run(SuiteRunner.java:418)\n\tat org.testng.internal.thread.ThreadUtil.lambda$execute$0(ThreadUtil.java:64)\n\tat java.base/java.util.concurrent.FutureTask.run(FutureTask.java:264)\n\tat java.base/java.util.concurrent.ThreadPoolExecutor.runWorker(ThreadPoolExecutor.java:1128)\n\tat java.base/java.util.concurrent.ThreadPoolExecutor$Worker.run(ThreadPoolExecutor.java:628)\n\tat java.base/java.lang.Thread.run(Thread.java:829)\n","steps":[],"attachments":[],"parameters":[],"shouldDisplayMessage":true,"stepsCount":0,"attachmentsCount":0,"hasContent":true,"attachmentStep":false},{"name":"springTestContextAfterTestMethod","time":{"start":1706420320309,"stop":1706420320311,"duration":2},"description":"","status":"passed","steps":[],"attachments":[],"parameters":[],"shouldDisplayMessage":false,"stepsCount":0,"attachmentsCount":0,"hasContent":false,"attachmentStep":false},{"name":"springTestContextAfterTestClass","time":{"start":1706420320313,"stop":1706420320314,"duration":1},"description":"","status":"passed","steps":[],"attachments":[],"parameters":[],"shouldDisplayMessage":false,"stepsCount":0,"attachmentsCount":0,"hasContent":false,"attachmentStep":false}],"labels":[{"name":"package","value":"com.qa.feature.SpringTestNGTest"},{"name":"testClass","value":"com.qa.feature.SpringTestNGTest"},{"name":"testMethod","value":"testLogin"},{"name":"parentSuite","value":"spring-boot"},{"name":"suite","value":"test-1"},{"name":"subSuite","value":"com.qa.feature.SpringTestNGTest"},{"name":"host","value":"fv-az1024-279"},{"name":"thread","value":"3077@fv-az1024-279.TestNG-tests-1(18)"},{"name":"framework","value":"testng"},{"name":"language","value":"java"},{"name":"story","value":"Smoke Story"},{"name":"epic","value":"Smoke Epic"},{"name":"feature","value":"Smoke Feature"},{"name":"resultFormat","value":"allure2"}],"parameters":[],"links":[],"hidden":false,"retry":false,"extra":{"severity":"normal","retries":[],"categories":[],"history":{"statistic":{"failed":0,"broken":0,"skipped":3,"passed":714,"unknown":0,"total":717},"items":[{"uid":"376eb304e0b1e13e","reportUrl":"https://ParthibanRajasekaran.github.io/testng-spring-selenium/764//#testresult/376eb304e0b1e13e","status":"passed","time":{"start":1706161117352,"stop":1706161118049,"duration":697}},{"uid":"eae1e606915c7b26","reportUrl":"https://ParthibanRajasekaran.github.io/testng-spring-selenium/763//#testresult/eae1e606915c7b26","status":"passed","time":{"start":1706074720469,"stop":1706074721524,"duration":1055}},{"uid":"5f3ba38ddb11231e","reportUrl":"https://ParthibanRajasekaran.github.io/testng-spring-selenium/762//#testresult/5f3ba38ddb11231e","status":"passed","time":{"start":1705988313581,"stop":1705988314315,"duration":734}},{"uid":"3303218f02e578f2","reportUrl":"https://ParthibanRajasekaran.github.io/testng-spring-selenium/761//#testresult/3303218f02e578f2","status":"passed","time":{"start":1705901931297,"stop":1705901932453,"duration":1156}},{"uid":"adbe3f13bd8df5ca","reportUrl":"https://ParthibanRajasekaran.github.io/testng-spring-selenium/760//#testresult/adbe3f13bd8df5ca","status":"passed","time":{"start":1705815527517,"stop":1705815528582,"duration":1065}},{"uid":"aaf638e7420ea2b4","reportUrl":"https://ParthibanRajasekaran.github.io/testng-spring-selenium/759//#testresult/aaf638e7420ea2b4","status":"passed","time":{"start":1705729130356,"stop":1705729131313,"duration":957}},{"uid":"fabafe8d509d092b","reportUrl":"https://ParthibanRajasekaran.github.io/testng-spring-selenium/758//#testresult/fabafe8d509d092b","status":"passed","time":{"start":1705642716704,"stop":1705642717625,"duration":921}},{"uid":"5e42c80e9373b3e8","reportUrl":"https://ParthibanRajasekaran.github.io/testng-spring-selenium/757//#testresult/5e42c80e9373b3e8","status":"passed","time":{"start":1705556322711,"stop":1705556323684,"duration":973}},{"uid":"6281cf82cd09e5be","reportUrl":"https://ParthibanRajasekaran.github.io/testng-spring-selenium/756//#testresult/6281cf82cd09e5be","status":"passed","time":{"start":1705469928194,"stop":1705469929227,"duration":1033}},{"uid":"1b5f337d96dbdfe9","reportUrl":"https://ParthibanRajasekaran.github.io/testng-spring-selenium/755//#testresult/1b5f337d96dbdfe9","status":"passed","time":{"start":1705383524863,"stop":1705383525758,"duration":895}},{"uid":"55744b82db70cec8","reportUrl":"https://ParthibanRajasekaran.github.io/testng-spring-selenium/754//#testresult/55744b82db70cec8","status":"passed","time":{"start":1705297121918,"stop":1705297122905,"duration":987}},{"uid":"bf26a791a018e620","reportUrl":"https://ParthibanRajasekaran.github.io/testng-spring-selenium/753//#testresult/bf26a791a018e620","status":"passed","time":{"start":1705210710764,"stop":1705210711468,"duration":704}},{"uid":"fe485e303abc2c57","reportUrl":"https://ParthibanRajasekaran.github.io/testng-spring-selenium/752//#testresult/fe485e303abc2c57","status":"passed","time":{"start":1705124330598,"stop":1705124331512,"duration":914}},{"uid":"92b73fe1e70a1575","reportUrl":"https://ParthibanRajasekaran.github.io/testng-spring-selenium/751//#testresult/92b73fe1e70a1575","status":"passed","time":{"start":1705037919905,"stop":1705037921055,"duration":1150}},{"uid":"b756e7f9e6170a42","reportUrl":"https://ParthibanRajasekaran.github.io/testng-spring-selenium/750//#testresult/b756e7f9e6170a42","status":"passed","time":{"start":1704951536832,"stop":1704951537675,"duration":843}},{"uid":"ea9ef892c69e803d","reportUrl":"https://ParthibanRajasekaran.github.io/testng-spring-selenium/749//#testresult/ea9ef892c69e803d","status":"passed","time":{"start":1704865113259,"stop":1704865113998,"duration":739}},{"uid":"e234710e693d0882","reportUrl":"https://ParthibanRajasekaran.github.io/testng-spring-selenium/748//#testresult/e234710e693d0882","status":"passed","time":{"start":1704778733431,"stop":1704778734412,"duration":981}},{"uid":"cd724b84f45e02da","reportUrl":"https://ParthibanRajasekaran.github.io/testng-spring-selenium/744//#testresult/cd724b84f45e02da","status":"passed","time":{"start":1704433120694,"stop":1704433121566,"duration":872}},{"uid":"1c0f9a1519877eac","reportUrl":"https://ParthibanRajasekaran.github.io/testng-spring-selenium/743//#testresult/1c0f9a1519877eac","status":"passed","time":{"start":1704346707307,"stop":1704346708194,"duration":887}},{"uid":"71e3b73622c54175","reportUrl":"https://ParthibanRajasekaran.github.io/testng-spring-selenium/742//#testresult/71e3b73622c54175","status":"passed","time":{"start":1704260329643,"stop":1704260330581,"duration":938}}]},"tags":[]},"source":"e36e3f78774a6306.json","parameterValues":[]}