{"uid":"5739806f382659c6","name":"This is a new testng test is to validate login","fullName":"com.qa.feature.SpringTestNGTestNew.testLogin","historyId":"c1a88d1620bdb1e9dcfccd24f593e44f","time":{"start":1662012327251,"stop":1662012327270,"duration":19},"description":"This is a new testng test is to validate login","descriptionHtml":"<p>This is a new testng test is to validate login</p>\n","status":"skipped","statusMessage":"Error creating bean with name 'com.qa.feature.SpringTestNGTestNew': Unsatisfied dependency expressed through field 'driver'; nested exception is org.springframework.beans.factory.BeanCreationException: Error creating bean with name 'getRemoteWebDriverForChrome' defined in class path resource [com/qa/config/RemoteWebDriverFactory.class]: Bean instantiation via factory method failed; nested exception is org.springframework.beans.BeanInstantiationException: Failed to instantiate [org.openqa.selenium.WebDriver]: Factory method 'getRemoteWebDriverForChrome' threw exception; nested exception is org.openqa.selenium.SessionNotCreatedException: Could not start a new session. Response code 500. Message: Error forwarding the new session Empty pool of VM for setup Capabilities {browserName: chrome, goog:chromeOptions: {args: [], extensions: []}}\nBuild info: version: '4.1.1', revision: 'e8fcc2cecf'\nSystem info: host: 'fv-az241-96', ip: '10.1.0.248', os.name: 'Linux', os.arch: 'amd64', os.version: '5.15.0-1017-azure', java.version: '11.0.16.1'\nDriver info: org.openqa.selenium.remote.RemoteWebDriver\nCommand: [null, newSession {capabilities=[Capabilities {browserName: chrome, goog:chromeOptions: {args: [], extensions: []}}], desiredCapabilities=Capabilities {browserName: chrome, goog:chromeOptions: {args: [], extensions: []}}}]\nCapabilities {}","statusTrace":"org.springframework.beans.factory.UnsatisfiedDependencyException: Error creating bean with name 'com.qa.feature.SpringTestNGTestNew': Unsatisfied dependency expressed through field 'driver'; nested exception is org.springframework.beans.factory.BeanCreationException: Error creating bean with name 'getRemoteWebDriverForChrome' defined in class path resource [com/qa/config/RemoteWebDriverFactory.class]: Bean instantiation via factory method failed; nested exception is org.springframework.beans.BeanInstantiationException: Failed to instantiate [org.openqa.selenium.WebDriver]: Factory method 'getRemoteWebDriverForChrome' threw exception; nested exception is org.openqa.selenium.SessionNotCreatedException: Could not start a new session. Response code 500. Message: Error forwarding the new session Empty pool of VM for setup Capabilities {browserName: chrome, goog:chromeOptions: {args: [], extensions: []}}\nBuild info: version: '4.1.1', revision: 'e8fcc2cecf'\nSystem info: host: 'fv-az241-96', ip: '10.1.0.248', os.name: 'Linux', os.arch: 'amd64', os.version: '5.15.0-1017-azure', java.version: '11.0.16.1'\nDriver info: org.openqa.selenium.remote.RemoteWebDriver\nCommand: [null, newSession {capabilities=[Capabilities {browserName: chrome, goog:chromeOptions: {args: [], extensions: []}}], desiredCapabilities=Capabilities {browserName: chrome, goog:chromeOptions: {args: [], extensions: []}}}]\nCapabilities {}\n\tat org.springframework.beans.factory.annotation.AutowiredAnnotationBeanPostProcessor$AutowiredFieldElement.resolveFieldValue(AutowiredAnnotationBeanPostProcessor.java:659)\n\tat org.springframework.beans.factory.annotation.AutowiredAnnotationBeanPostProcessor$AutowiredFieldElement.inject(AutowiredAnnotationBeanPostProcessor.java:639)\n\tat org.springframework.beans.factory.annotation.InjectionMetadata.inject(InjectionMetadata.java:119)\n\tat org.springframework.beans.factory.annotation.AutowiredAnnotationBeanPostProcessor.postProcessProperties(AutowiredAnnotationBeanPostProcessor.java:399)\n\tat org.springframework.beans.factory.support.AbstractAutowireCapableBeanFactory.populateBean(AbstractAutowireCapableBeanFactory.java:1431)\n\tat org.springframework.beans.factory.support.AbstractAutowireCapableBeanFactory.autowireBeanProperties(AbstractAutowireCapableBeanFactory.java:417)\n\tat org.springframework.test.context.support.DependencyInjectionTestExecutionListener.injectDependencies(DependencyInjectionTestExecutionListener.java:119)\n\tat org.springframework.test.context.support.DependencyInjectionTestExecutionListener.prepareTestInstance(DependencyInjectionTestExecutionListener.java:83)\n\tat org.springframework.test.context.TestContextManager.prepareTestInstance(TestContextManager.java:248)\n\tat org.springframework.test.context.testng.AbstractTestNGSpringContextTests.springTestContextPrepareTestInstance(AbstractTestNGSpringContextTests.java:149)\n\tat com.qa.common.BaseTest.springTestContextPrepareTestInstance(BaseTest.java:28)\n\tat java.base/jdk.internal.reflect.NativeMethodAccessorImpl.invoke0(Native Method)\n\tat java.base/jdk.internal.reflect.NativeMethodAccessorImpl.invoke(NativeMethodAccessorImpl.java:62)\n\tat java.base/jdk.internal.reflect.DelegatingMethodAccessorImpl.invoke(DelegatingMethodAccessorImpl.java:43)\n\tat java.base/java.lang.reflect.Method.invoke(Method.java:566)\n\tat org.testng.internal.MethodInvocationHelper.invokeMethod(MethodInvocationHelper.java:133)\n\tat org.testng.internal.MethodInvocationHelper.invokeMethodConsideringTimeout(MethodInvocationHelper.java:62)\n\tat org.testng.internal.ConfigInvoker.invokeConfigurationMethod(ConfigInvoker.java:385)\n\tat org.testng.internal.ConfigInvoker.invokeConfigurations(ConfigInvoker.java:321)\n\tat org.testng.internal.TestInvoker.runConfigMethods(TestInvoker.java:700)\n\tat org.testng.internal.TestInvoker.invokeMethod(TestInvoker.java:527)\n\tat org.testng.internal.TestInvoker.invokeTestMethod(TestInvoker.java:173)\n\tat org.testng.internal.MethodRunner.runInSequence(MethodRunner.java:46)\n\tat org.testng.internal.TestInvoker$MethodInvocationAgent.invoke(TestInvoker.java:824)\n\tat org.testng.internal.TestInvoker.invokeTestMethods(TestInvoker.java:146)\n\tat org.testng.internal.TestMethodWorker.invokeTestMethods(TestMethodWorker.java:146)\n\tat org.testng.internal.TestMethodWorker.run(TestMethodWorker.java:128)\n\tat java.base/java.util.ArrayList.forEach(ArrayList.java:1541)\n\tat org.testng.TestRunner.privateRun(TestRunner.java:794)\n\tat org.testng.TestRunner.run(TestRunner.java:596)\n\tat org.testng.SuiteRunner.runTest(SuiteRunner.java:377)\n\tat org.testng.SuiteRunner.access$000(SuiteRunner.java:28)\n\tat org.testng.SuiteRunner$SuiteWorker.run(SuiteRunner.java:418)\n\tat org.testng.internal.thread.ThreadUtil.lambda$execute$0(ThreadUtil.java:64)\n\tat java.base/java.util.concurrent.FutureTask.run(FutureTask.java:264)\n\tat java.base/java.util.concurrent.ThreadPoolExecutor.runWorker(ThreadPoolExecutor.java:1128)\n\tat java.base/java.util.concurrent.ThreadPoolExecutor$Worker.run(ThreadPoolExecutor.java:628)\n\tat java.base/java.lang.Thread.run(Thread.java:829)\nCaused by: org.springframework.beans.factory.BeanCreationException: Error creating bean with name 'getRemoteWebDriverForChrome' defined in class path resource [com/qa/config/RemoteWebDriverFactory.class]: Bean instantiation via factory method failed; nested exception is org.springframework.beans.BeanInstantiationException: Failed to instantiate [org.openqa.selenium.WebDriver]: Factory method 'getRemoteWebDriverForChrome' threw exception; nested exception is org.openqa.selenium.SessionNotCreatedException: Could not start a new session. Response code 500. Message: Error forwarding the new session Empty pool of VM for setup Capabilities {browserName: chrome, goog:chromeOptions: {args: [], extensions: []}}\nBuild info: version: '4.1.1', revision: 'e8fcc2cecf'\nSystem info: host: 'fv-az241-96', ip: '10.1.0.248', os.name: 'Linux', os.arch: 'amd64', os.version: '5.15.0-1017-azure', java.version: '11.0.16.1'\nDriver info: org.openqa.selenium.remote.RemoteWebDriver\nCommand: [null, newSession {capabilities=[Capabilities {browserName: chrome, goog:chromeOptions: {args: [], extensions: []}}], desiredCapabilities=Capabilities {browserName: chrome, goog:chromeOptions: {args: [], extensions: []}}}]\nCapabilities {}\n\tat org.springframework.beans.factory.support.ConstructorResolver.instantiate(ConstructorResolver.java:658)\n\tat org.springframework.beans.factory.support.ConstructorResolver.instantiateUsingFactoryMethod(ConstructorResolver.java:486)\n\tat org.springframework.beans.factory.support.AbstractAutowireCapableBeanFactory.instantiateUsingFactoryMethod(AbstractAutowireCapableBeanFactory.java:1352)\n\tat org.springframework.beans.factory.support.AbstractAutowireCapableBeanFactory.createBeanInstance(AbstractAutowireCapableBeanFactory.java:1195)\n\tat org.springframework.beans.factory.support.AbstractAutowireCapableBeanFactory.doCreateBean(AbstractAutowireCapableBeanFactory.java:582)\n\tat org.springframework.beans.factory.support.AbstractAutowireCapableBeanFactory.createBean(AbstractAutowireCapableBeanFactory.java:542)\n\tat org.springframework.beans.factory.support.AbstractBeanFactory.lambda$doGetBean$1(AbstractBeanFactory.java:374)\n\tat org.springframework.context.support.SimpleThreadScope.get(SimpleThreadScope.java:74)\n\tat com.qa.config.DriverScope.get(DriverScope.java:10)\n\tat org.springframework.beans.factory.support.AbstractBeanFactory.doGetBean(AbstractBeanFactory.java:371)\n\tat org.springframework.beans.factory.support.AbstractBeanFactory.getBean(AbstractBeanFactory.java:208)\n\tat org.springframework.beans.factory.config.DependencyDescriptor.resolveCandidate(DependencyDescriptor.java:276)\n\tat org.springframework.beans.factory.support.DefaultListableBeanFactory.doResolveDependency(DefaultListableBeanFactory.java:1389)\n\tat org.springframework.beans.factory.support.DefaultListableBeanFactory.resolveDependency(DefaultListableBeanFactory.java:1309)\n\tat org.springframework.beans.factory.annotation.AutowiredAnnotationBeanPostProcessor$AutowiredFieldElement.resolveFieldValue(AutowiredAnnotationBeanPostProcessor.java:656)\n\t... 37 more\nCaused by: org.springframework.beans.BeanInstantiationException: Failed to instantiate [org.openqa.selenium.WebDriver]: Factory method 'getRemoteWebDriverForChrome' threw exception; nested exception is org.openqa.selenium.SessionNotCreatedException: Could not start a new session. Response code 500. Message: Error forwarding the new session Empty pool of VM for setup Capabilities {browserName: chrome, goog:chromeOptions: {args: [], extensions: []}}\nBuild info: version: '4.1.1', revision: 'e8fcc2cecf'\nSystem info: host: 'fv-az241-96', ip: '10.1.0.248', os.name: 'Linux', os.arch: 'amd64', os.version: '5.15.0-1017-azure', java.version: '11.0.16.1'\nDriver info: org.openqa.selenium.remote.RemoteWebDriver\nCommand: [null, newSession {capabilities=[Capabilities {browserName: chrome, goog:chromeOptions: {args: [], extensions: []}}], desiredCapabilities=Capabilities {browserName: chrome, goog:chromeOptions: {args: [], extensions: []}}}]\nCapabilities {}\n\tat org.springframework.beans.factory.support.SimpleInstantiationStrategy.instantiate(SimpleInstantiationStrategy.java:185)\n\tat org.springframework.beans.factory.support.ConstructorResolver.instantiate(ConstructorResolver.java:653)\n\t... 51 more\nCaused by: org.openqa.selenium.SessionNotCreatedException: Could not start a new session. Response code 500. Message: Error forwarding the new session Empty pool of VM for setup Capabilities {browserName: chrome, goog:chromeOptions: {args: [], extensions: []}}\nBuild info: version: '4.1.1', revision: 'e8fcc2cecf'\nSystem info: host: 'fv-az241-96', ip: '10.1.0.248', os.name: 'Linux', os.arch: 'amd64', os.version: '5.15.0-1017-azure', java.version: '11.0.16.1'\nDriver info: org.openqa.selenium.remote.RemoteWebDriver\nCommand: [null, newSession {capabilities=[Capabilities {browserName: chrome, goog:chromeOptions: {args: [], extensions: []}}], desiredCapabilities=Capabilities {browserName: chrome, goog:chromeOptions: {args: [], extensions: []}}}]\nCapabilities {}\n\tat org.openqa.selenium.remote.ProtocolHandshake.createSession(ProtocolHandshake.java:126)\n\tat org.openqa.selenium.remote.ProtocolHandshake.createSession(ProtocolHandshake.java:84)\n\tat org.openqa.selenium.remote.ProtocolHandshake.createSession(ProtocolHandshake.java:62)\n\tat org.openqa.selenium.remote.HttpCommandExecutor.execute(HttpCommandExecutor.java:156)\n\tat org.openqa.selenium.remote.TracedCommandExecutor.execute(TracedCommandExecutor.java:51)\n\tat org.openqa.selenium.remote.RemoteWebDriver.execute(RemoteWebDriver.java:543)\n\tat org.openqa.selenium.remote.RemoteWebDriver.startSession(RemoteWebDriver.java:230)\n\tat org.openqa.selenium.remote.RemoteWebDriver.<init>(RemoteWebDriver.java:151)\n\tat org.openqa.selenium.remote.RemoteWebDriver.<init>(RemoteWebDriver.java:138)\n\tat com.qa.config.RemoteWebDriverFactory.getRemoteWebDriverForChrome(RemoteWebDriverFactory.java:25)\n\tat com.qa.config.RemoteWebDriverFactory$$EnhancerBySpringCGLIB$$3fb5ce97.CGLIB$getRemoteWebDriverForChrome$0(<generated>)\n\tat com.qa.config.RemoteWebDriverFactory$$EnhancerBySpringCGLIB$$3fb5ce97$$FastClassBySpringCGLIB$$cfde2710.invoke(<generated>)\n\tat org.springframework.cglib.proxy.MethodProxy.invokeSuper(MethodProxy.java:244)\n\tat org.springframework.context.annotation.ConfigurationClassEnhancer$BeanMethodInterceptor.intercept(ConfigurationClassEnhancer.java:331)\n\tat com.qa.config.RemoteWebDriverFactory$$EnhancerBySpringCGLIB$$3fb5ce97.getRemoteWebDriverForChrome(<generated>)\n\tat java.base/jdk.internal.reflect.NativeMethodAccessorImpl.invoke0(Native Method)\n\tat java.base/jdk.internal.reflect.NativeMethodAccessorImpl.invoke(NativeMethodAccessorImpl.java:62)\n\tat java.base/jdk.internal.reflect.DelegatingMethodAccessorImpl.invoke(DelegatingMethodAccessorImpl.java:43)\n\tat java.base/java.lang.reflect.Method.invoke(Method.java:566)\n\tat org.springframework.beans.factory.support.SimpleInstantiationStrategy.instantiate(SimpleInstantiationStrategy.java:154)\n\t... 52 more\n","flaky":false,"newFailed":false,"newBroken":false,"newPassed":false,"retriesCount":0,"retriesStatusChange":false,"beforeStages":[{"name":"springTestContextBeforeTestClass","time":{"start":1662012320230,"stop":1662012320260,"duration":30},"description":"","status":"passed","steps":[],"attachments":[],"parameters":[],"stepsCount":0,"attachmentsCount":0,"shouldDisplayMessage":false,"hasContent":false},{"name":"springTestContextBeforeTestMethod","time":{"start":1662012320325,"stop":1662012320330,"duration":5},"description":"","status":"passed","steps":[],"attachments":[],"parameters":[],"stepsCount":0,"attachmentsCount":0,"shouldDisplayMessage":false,"hasContent":false},{"name":"springTestContextPrepareTestInstance","time":{"start":1662012320577,"stop":1662012327089,"duration":6512},"description":"","status":"broken","statusMessage":"Error creating bean with name 'com.qa.feature.SpringTestNGTestNew': Unsatisfied dependency expressed through field 'driver'; nested exception is org.springframework.beans.factory.BeanCreationException: Error creating bean with name 'getRemoteWebDriverForChrome' defined in class path resource [com/qa/config/RemoteWebDriverFactory.class]: Bean instantiation via factory method failed; nested exception is org.springframework.beans.BeanInstantiationException: Failed to instantiate [org.openqa.selenium.WebDriver]: Factory method 'getRemoteWebDriverForChrome' threw exception; nested exception is org.openqa.selenium.SessionNotCreatedException: Could not start a new session. Response code 500. Message: Error forwarding the new session Empty pool of VM for setup Capabilities {browserName: chrome, goog:chromeOptions: {args: [], extensions: []}}\nBuild info: version: '4.1.1', revision: 'e8fcc2cecf'\nSystem info: host: 'fv-az241-96', ip: '10.1.0.248', os.name: 'Linux', os.arch: 'amd64', os.version: '5.15.0-1017-azure', java.version: '11.0.16.1'\nDriver info: org.openqa.selenium.remote.RemoteWebDriver\nCommand: [null, newSession {capabilities=[Capabilities {browserName: chrome, goog:chromeOptions: {args: [], extensions: []}}], desiredCapabilities=Capabilities {browserName: chrome, goog:chromeOptions: {args: [], extensions: []}}}]\nCapabilities {}","statusTrace":"org.springframework.beans.factory.UnsatisfiedDependencyException: Error creating bean with name 'com.qa.feature.SpringTestNGTestNew': Unsatisfied dependency expressed through field 'driver'; nested exception is org.springframework.beans.factory.BeanCreationException: Error creating bean with name 'getRemoteWebDriverForChrome' defined in class path resource [com/qa/config/RemoteWebDriverFactory.class]: Bean instantiation via factory method failed; nested exception is org.springframework.beans.BeanInstantiationException: Failed to instantiate [org.openqa.selenium.WebDriver]: Factory method 'getRemoteWebDriverForChrome' threw exception; nested exception is org.openqa.selenium.SessionNotCreatedException: Could not start a new session. Response code 500. Message: Error forwarding the new session Empty pool of VM for setup Capabilities {browserName: chrome, goog:chromeOptions: {args: [], extensions: []}}\nBuild info: version: '4.1.1', revision: 'e8fcc2cecf'\nSystem info: host: 'fv-az241-96', ip: '10.1.0.248', os.name: 'Linux', os.arch: 'amd64', os.version: '5.15.0-1017-azure', java.version: '11.0.16.1'\nDriver info: org.openqa.selenium.remote.RemoteWebDriver\nCommand: [null, newSession {capabilities=[Capabilities {browserName: chrome, goog:chromeOptions: {args: [], extensions: []}}], desiredCapabilities=Capabilities {browserName: chrome, goog:chromeOptions: {args: [], extensions: []}}}]\nCapabilities {}\n\tat org.springframework.beans.factory.annotation.AutowiredAnnotationBeanPostProcessor$AutowiredFieldElement.resolveFieldValue(AutowiredAnnotationBeanPostProcessor.java:659)\n\tat org.springframework.beans.factory.annotation.AutowiredAnnotationBeanPostProcessor$AutowiredFieldElement.inject(AutowiredAnnotationBeanPostProcessor.java:639)\n\tat org.springframework.beans.factory.annotation.InjectionMetadata.inject(InjectionMetadata.java:119)\n\tat org.springframework.beans.factory.annotation.AutowiredAnnotationBeanPostProcessor.postProcessProperties(AutowiredAnnotationBeanPostProcessor.java:399)\n\tat org.springframework.beans.factory.support.AbstractAutowireCapableBeanFactory.populateBean(AbstractAutowireCapableBeanFactory.java:1431)\n\tat org.springframework.beans.factory.support.AbstractAutowireCapableBeanFactory.autowireBeanProperties(AbstractAutowireCapableBeanFactory.java:417)\n\tat org.springframework.test.context.support.DependencyInjectionTestExecutionListener.injectDependencies(DependencyInjectionTestExecutionListener.java:119)\n\tat org.springframework.test.context.support.DependencyInjectionTestExecutionListener.prepareTestInstance(DependencyInjectionTestExecutionListener.java:83)\n\tat org.springframework.test.context.TestContextManager.prepareTestInstance(TestContextManager.java:248)\n\tat org.springframework.test.context.testng.AbstractTestNGSpringContextTests.springTestContextPrepareTestInstance(AbstractTestNGSpringContextTests.java:149)\n\tat com.qa.common.BaseTest.springTestContextPrepareTestInstance(BaseTest.java:28)\n\tat java.base/jdk.internal.reflect.NativeMethodAccessorImpl.invoke0(Native Method)\n\tat java.base/jdk.internal.reflect.NativeMethodAccessorImpl.invoke(NativeMethodAccessorImpl.java:62)\n\tat java.base/jdk.internal.reflect.DelegatingMethodAccessorImpl.invoke(DelegatingMethodAccessorImpl.java:43)\n\tat java.base/java.lang.reflect.Method.invoke(Method.java:566)\n\tat org.testng.internal.MethodInvocationHelper.invokeMethod(MethodInvocationHelper.java:133)\n\tat org.testng.internal.MethodInvocationHelper.invokeMethodConsideringTimeout(MethodInvocationHelper.java:62)\n\tat org.testng.internal.ConfigInvoker.invokeConfigurationMethod(ConfigInvoker.java:385)\n\tat org.testng.internal.ConfigInvoker.invokeConfigurations(ConfigInvoker.java:321)\n\tat org.testng.internal.TestInvoker.runConfigMethods(TestInvoker.java:700)\n\tat org.testng.internal.TestInvoker.invokeMethod(TestInvoker.java:527)\n\tat org.testng.internal.TestInvoker.invokeTestMethod(TestInvoker.java:173)\n\tat org.testng.internal.MethodRunner.runInSequence(MethodRunner.java:46)\n\tat org.testng.internal.TestInvoker$MethodInvocationAgent.invoke(TestInvoker.java:824)\n\tat org.testng.internal.TestInvoker.invokeTestMethods(TestInvoker.java:146)\n\tat org.testng.internal.TestMethodWorker.invokeTestMethods(TestMethodWorker.java:146)\n\tat org.testng.internal.TestMethodWorker.run(TestMethodWorker.java:128)\n\tat java.base/java.util.ArrayList.forEach(ArrayList.java:1541)\n\tat org.testng.TestRunner.privateRun(TestRunner.java:794)\n\tat org.testng.TestRunner.run(TestRunner.java:596)\n\tat org.testng.SuiteRunner.runTest(SuiteRunner.java:377)\n\tat org.testng.SuiteRunner.access$000(SuiteRunner.java:28)\n\tat org.testng.SuiteRunner$SuiteWorker.run(SuiteRunner.java:418)\n\tat org.testng.internal.thread.ThreadUtil.lambda$execute$0(ThreadUtil.java:64)\n\tat java.base/java.util.concurrent.FutureTask.run(FutureTask.java:264)\n\tat java.base/java.util.concurrent.ThreadPoolExecutor.runWorker(ThreadPoolExecutor.java:1128)\n\tat java.base/java.util.concurrent.ThreadPoolExecutor$Worker.run(ThreadPoolExecutor.java:628)\n\tat java.base/java.lang.Thread.run(Thread.java:829)\nCaused by: org.springframework.beans.factory.BeanCreationException: Error creating bean with name 'getRemoteWebDriverForChrome' defined in class path resource [com/qa/config/RemoteWebDriverFactory.class]: Bean instantiation via factory method failed; nested exception is org.springframework.beans.BeanInstantiationException: Failed to instantiate [org.openqa.selenium.WebDriver]: Factory method 'getRemoteWebDriverForChrome' threw exception; nested exception is org.openqa.selenium.SessionNotCreatedException: Could not start a new session. Response code 500. Message: Error forwarding the new session Empty pool of VM for setup Capabilities {browserName: chrome, goog:chromeOptions: {args: [], extensions: []}}\nBuild info: version: '4.1.1', revision: 'e8fcc2cecf'\nSystem info: host: 'fv-az241-96', ip: '10.1.0.248', os.name: 'Linux', os.arch: 'amd64', os.version: '5.15.0-1017-azure', java.version: '11.0.16.1'\nDriver info: org.openqa.selenium.remote.RemoteWebDriver\nCommand: [null, newSession {capabilities=[Capabilities {browserName: chrome, goog:chromeOptions: {args: [], extensions: []}}], desiredCapabilities=Capabilities {browserName: chrome, goog:chromeOptions: {args: [], extensions: []}}}]\nCapabilities {}\n\tat org.springframework.beans.factory.support.ConstructorResolver.instantiate(ConstructorResolver.java:658)\n\tat org.springframework.beans.factory.support.ConstructorResolver.instantiateUsingFactoryMethod(ConstructorResolver.java:486)\n\tat org.springframework.beans.factory.support.AbstractAutowireCapableBeanFactory.instantiateUsingFactoryMethod(AbstractAutowireCapableBeanFactory.java:1352)\n\tat org.springframework.beans.factory.support.AbstractAutowireCapableBeanFactory.createBeanInstance(AbstractAutowireCapableBeanFactory.java:1195)\n\tat org.springframework.beans.factory.support.AbstractAutowireCapableBeanFactory.doCreateBean(AbstractAutowireCapableBeanFactory.java:582)\n\tat org.springframework.beans.factory.support.AbstractAutowireCapableBeanFactory.createBean(AbstractAutowireCapableBeanFactory.java:542)\n\tat org.springframework.beans.factory.support.AbstractBeanFactory.lambda$doGetBean$1(AbstractBeanFactory.java:374)\n\tat org.springframework.context.support.SimpleThreadScope.get(SimpleThreadScope.java:74)\n\tat com.qa.config.DriverScope.get(DriverScope.java:10)\n\tat org.springframework.beans.factory.support.AbstractBeanFactory.doGetBean(AbstractBeanFactory.java:371)\n\tat org.springframework.beans.factory.support.AbstractBeanFactory.getBean(AbstractBeanFactory.java:208)\n\tat org.springframework.beans.factory.config.DependencyDescriptor.resolveCandidate(DependencyDescriptor.java:276)\n\tat org.springframework.beans.factory.support.DefaultListableBeanFactory.doResolveDependency(DefaultListableBeanFactory.java:1389)\n\tat org.springframework.beans.factory.support.DefaultListableBeanFactory.resolveDependency(DefaultListableBeanFactory.java:1309)\n\tat org.springframework.beans.factory.annotation.AutowiredAnnotationBeanPostProcessor$AutowiredFieldElement.resolveFieldValue(AutowiredAnnotationBeanPostProcessor.java:656)\n\t... 37 more\nCaused by: org.springframework.beans.BeanInstantiationException: Failed to instantiate [org.openqa.selenium.WebDriver]: Factory method 'getRemoteWebDriverForChrome' threw exception; nested exception is org.openqa.selenium.SessionNotCreatedException: Could not start a new session. Response code 500. Message: Error forwarding the new session Empty pool of VM for setup Capabilities {browserName: chrome, goog:chromeOptions: {args: [], extensions: []}}\nBuild info: version: '4.1.1', revision: 'e8fcc2cecf'\nSystem info: host: 'fv-az241-96', ip: '10.1.0.248', os.name: 'Linux', os.arch: 'amd64', os.version: '5.15.0-1017-azure', java.version: '11.0.16.1'\nDriver info: org.openqa.selenium.remote.RemoteWebDriver\nCommand: [null, newSession {capabilities=[Capabilities {browserName: chrome, goog:chromeOptions: {args: [], extensions: []}}], desiredCapabilities=Capabilities {browserName: chrome, goog:chromeOptions: {args: [], extensions: []}}}]\nCapabilities {}\n\tat org.springframework.beans.factory.support.SimpleInstantiationStrategy.instantiate(SimpleInstantiationStrategy.java:185)\n\tat org.springframework.beans.factory.support.ConstructorResolver.instantiate(ConstructorResolver.java:653)\n\t... 51 more\nCaused by: org.openqa.selenium.SessionNotCreatedException: Could not start a new session. Response code 500. Message: Error forwarding the new session Empty pool of VM for setup Capabilities {browserName: chrome, goog:chromeOptions: {args: [], extensions: []}}\nBuild info: version: '4.1.1', revision: 'e8fcc2cecf'\nSystem info: host: 'fv-az241-96', ip: '10.1.0.248', os.name: 'Linux', os.arch: 'amd64', os.version: '5.15.0-1017-azure', java.version: '11.0.16.1'\nDriver info: org.openqa.selenium.remote.RemoteWebDriver\nCommand: [null, newSession {capabilities=[Capabilities {browserName: chrome, goog:chromeOptions: {args: [], extensions: []}}], desiredCapabilities=Capabilities {browserName: chrome, goog:chromeOptions: {args: [], extensions: []}}}]\nCapabilities {}\n\tat org.openqa.selenium.remote.ProtocolHandshake.createSession(ProtocolHandshake.java:126)\n\tat org.openqa.selenium.remote.ProtocolHandshake.createSession(ProtocolHandshake.java:84)\n\tat org.openqa.selenium.remote.ProtocolHandshake.createSession(ProtocolHandshake.java:62)\n\tat org.openqa.selenium.remote.HttpCommandExecutor.execute(HttpCommandExecutor.java:156)\n\tat org.openqa.selenium.remote.TracedCommandExecutor.execute(TracedCommandExecutor.java:51)\n\tat org.openqa.selenium.remote.RemoteWebDriver.execute(RemoteWebDriver.java:543)\n\tat org.openqa.selenium.remote.RemoteWebDriver.startSession(RemoteWebDriver.java:230)\n\tat org.openqa.selenium.remote.RemoteWebDriver.<init>(RemoteWebDriver.java:151)\n\tat org.openqa.selenium.remote.RemoteWebDriver.<init>(RemoteWebDriver.java:138)\n\tat com.qa.config.RemoteWebDriverFactory.getRemoteWebDriverForChrome(RemoteWebDriverFactory.java:25)\n\tat com.qa.config.RemoteWebDriverFactory$$EnhancerBySpringCGLIB$$3fb5ce97.CGLIB$getRemoteWebDriverForChrome$0(<generated>)\n\tat com.qa.config.RemoteWebDriverFactory$$EnhancerBySpringCGLIB$$3fb5ce97$$FastClassBySpringCGLIB$$cfde2710.invoke(<generated>)\n\tat org.springframework.cglib.proxy.MethodProxy.invokeSuper(MethodProxy.java:244)\n\tat org.springframework.context.annotation.ConfigurationClassEnhancer$BeanMethodInterceptor.intercept(ConfigurationClassEnhancer.java:331)\n\tat com.qa.config.RemoteWebDriverFactory$$EnhancerBySpringCGLIB$$3fb5ce97.getRemoteWebDriverForChrome(<generated>)\n\tat java.base/jdk.internal.reflect.NativeMethodAccessorImpl.invoke0(Native Method)\n\tat java.base/jdk.internal.reflect.NativeMethodAccessorImpl.invoke(NativeMethodAccessorImpl.java:62)\n\tat java.base/jdk.internal.reflect.DelegatingMethodAccessorImpl.invoke(DelegatingMethodAccessorImpl.java:43)\n\tat java.base/java.lang.reflect.Method.invoke(Method.java:566)\n\tat org.springframework.beans.factory.support.SimpleInstantiationStrategy.instantiate(SimpleInstantiationStrategy.java:154)\n\t... 52 more\n","steps":[],"attachments":[],"parameters":[],"stepsCount":0,"attachmentsCount":0,"shouldDisplayMessage":true,"hasContent":true},{"name":"setupWebDriver","time":{"start":1662012327213,"stop":1662012327213,"duration":0},"description":"","status":"broken","steps":[],"attachments":[],"parameters":[],"stepsCount":0,"attachmentsCount":0,"shouldDisplayMessage":false,"hasContent":false}],"afterStages":[{"name":"tearDownBrowser","time":{"start":1662012327277,"stop":1662012327302,"duration":25},"description":"","status":"broken","statusMessage":"java.lang.NullPointerException","statusTrace":"java.lang.NullPointerException\n\tat com.qa.common.BaseTest.tearDownBrowser(BaseTest.java:34)\n\tat java.base/jdk.internal.reflect.NativeMethodAccessorImpl.invoke0(Native Method)\n\tat java.base/jdk.internal.reflect.NativeMethodAccessorImpl.invoke(NativeMethodAccessorImpl.java:62)\n\tat java.base/jdk.internal.reflect.DelegatingMethodAccessorImpl.invoke(DelegatingMethodAccessorImpl.java:43)\n\tat java.base/java.lang.reflect.Method.invoke(Method.java:566)\n\tat org.testng.internal.MethodInvocationHelper.invokeMethod(MethodInvocationHelper.java:133)\n\tat org.testng.internal.MethodInvocationHelper.invokeMethodConsideringTimeout(MethodInvocationHelper.java:62)\n\tat org.testng.internal.ConfigInvoker.invokeConfigurationMethod(ConfigInvoker.java:385)\n\tat org.testng.internal.ConfigInvoker.invokeConfigurations(ConfigInvoker.java:321)\n\tat org.testng.internal.TestInvoker.runConfigMethods(TestInvoker.java:700)\n\tat org.testng.internal.TestInvoker.runAfterGroupsConfigurations(TestInvoker.java:676)\n\tat org.testng.internal.TestInvoker.invokeMethod(TestInvoker.java:546)\n\tat org.testng.internal.TestInvoker.invokeTestMethod(TestInvoker.java:173)\n\tat org.testng.internal.MethodRunner.runInSequence(MethodRunner.java:46)\n\tat org.testng.internal.TestInvoker$MethodInvocationAgent.invoke(TestInvoker.java:824)\n\tat org.testng.internal.TestInvoker.invokeTestMethods(TestInvoker.java:146)\n\tat org.testng.internal.TestMethodWorker.invokeTestMethods(TestMethodWorker.java:146)\n\tat org.testng.internal.TestMethodWorker.run(TestMethodWorker.java:128)\n\tat java.base/java.util.ArrayList.forEach(ArrayList.java:1541)\n\tat org.testng.TestRunner.privateRun(TestRunner.java:794)\n\tat org.testng.TestRunner.run(TestRunner.java:596)\n\tat org.testng.SuiteRunner.runTest(SuiteRunner.java:377)\n\tat org.testng.SuiteRunner.access$000(SuiteRunner.java:28)\n\tat org.testng.SuiteRunner$SuiteWorker.run(SuiteRunner.java:418)\n\tat org.testng.internal.thread.ThreadUtil.lambda$execute$0(ThreadUtil.java:64)\n\tat java.base/java.util.concurrent.FutureTask.run(FutureTask.java:264)\n\tat java.base/java.util.concurrent.ThreadPoolExecutor.runWorker(ThreadPoolExecutor.java:1128)\n\tat java.base/java.util.concurrent.ThreadPoolExecutor$Worker.run(ThreadPoolExecutor.java:628)\n\tat java.base/java.lang.Thread.run(Thread.java:829)\n","steps":[],"attachments":[],"parameters":[],"stepsCount":0,"attachmentsCount":0,"shouldDisplayMessage":true,"hasContent":true},{"name":"springTestContextAfterTestMethod","time":{"start":1662012327305,"stop":1662012327321,"duration":16},"description":"","status":"passed","steps":[],"attachments":[],"parameters":[],"stepsCount":0,"attachmentsCount":0,"shouldDisplayMessage":false,"hasContent":false},{"name":"springTestContextAfterTestClass","time":{"start":1662012327321,"stop":1662012327333,"duration":12},"description":"","status":"passed","steps":[],"attachments":[],"parameters":[],"stepsCount":0,"attachmentsCount":0,"shouldDisplayMessage":false,"hasContent":false},{"name":"tearDownAllBrowserSessions","time":{"start":1662012327442,"stop":1662012327442,"duration":0},"description":"","status":"passed","steps":[],"attachments":[],"parameters":[],"stepsCount":0,"attachmentsCount":0,"shouldDisplayMessage":false,"hasContent":false}],"labels":[{"name":"package","value":"com.qa.feature.SpringTestNGTestNew"},{"name":"testClass","value":"com.qa.feature.SpringTestNGTestNew"},{"name":"testMethod","value":"testLogin"},{"name":"parentSuite","value":"spring-boot"},{"name":"suite","value":"test-2"},{"name":"subSuite","value":"com.qa.feature.SpringTestNGTestNew"},{"name":"host","value":"fv-az241-96"},{"name":"thread","value":"3241@fv-az241-96.TestNG-tests-2(16)"},{"name":"framework","value":"testng"},{"name":"language","value":"java"},{"name":"story","value":"Regression Story"},{"name":"feature","value":"Regression Feature"},{"name":"epic","value":"Regression Epic"},{"name":"resultFormat","value":"allure2"}],"parameters":[],"links":[],"hidden":false,"retry":false,"extra":{"severity":"normal","retries":[],"categories":[],"history":{"statistic":{"failed":0,"broken":0,"skipped":1,"passed":232,"unknown":0,"total":233},"items":[{"uid":"c13a19d0782d0d39","reportUrl":"https://ParthibanRajasekaran.github.io/testng-spring-selenium/252//#testresult/c13a19d0782d0d39","status":"passed","time":{"start":1661928230363,"stop":1661928232342,"duration":1979}},{"uid":"4248bd1db703e89a","reportUrl":"https://ParthibanRajasekaran.github.io/testng-spring-selenium/251//#testresult/4248bd1db703e89a","status":"passed","time":{"start":1661841504362,"stop":1661841505534,"duration":1172}},{"uid":"9ce9f2761c585f27","reportUrl":"https://ParthibanRajasekaran.github.io/testng-spring-selenium/250//#testresult/9ce9f2761c585f27","status":"passed","time":{"start":1661754836075,"stop":1661754837282,"duration":1207}},{"uid":"280e191545f4d29d","reportUrl":"https://ParthibanRajasekaran.github.io/testng-spring-selenium/249//#testresult/280e191545f4d29d","status":"passed","time":{"start":1661665738090,"stop":1661665739271,"duration":1181}},{"uid":"6257af67d5e1117a","reportUrl":"https://ParthibanRajasekaran.github.io/testng-spring-selenium/248//#testresult/6257af67d5e1117a","status":"passed","time":{"start":1661579437750,"stop":1661579439787,"duration":2037}},{"uid":"1118d3179ef25fe7","reportUrl":"https://ParthibanRajasekaran.github.io/testng-spring-selenium/247//#testresult/1118d3179ef25fe7","status":"passed","time":{"start":1661494908585,"stop":1661494909810,"duration":1225}},{"uid":"d2f1a73e89ce383d","reportUrl":"https://ParthibanRajasekaran.github.io/testng-spring-selenium/246//#testresult/d2f1a73e89ce383d","status":"passed","time":{"start":1661407758087,"stop":1661407759448,"duration":1361}},{"uid":"f9636e56488d808c","reportUrl":"https://ParthibanRajasekaran.github.io/testng-spring-selenium/245//#testresult/f9636e56488d808c","status":"passed","time":{"start":1661320704748,"stop":1661320705799,"duration":1051}},{"uid":"7c2227d3c5729d34","reportUrl":"https://ParthibanRajasekaran.github.io/testng-spring-selenium/244//#testresult/7c2227d3c5729d34","status":"passed","time":{"start":1661234900053,"stop":1661234901189,"duration":1136}},{"uid":"2b448eed72810636","reportUrl":"https://ParthibanRajasekaran.github.io/testng-spring-selenium/243//#testresult/2b448eed72810636","status":"passed","time":{"start":1661147840155,"stop":1661147841518,"duration":1363}},{"uid":"1ce2ce69549f96d","reportUrl":"https://ParthibanRajasekaran.github.io/testng-spring-selenium/242//#testresult/1ce2ce69549f96d","status":"passed","time":{"start":1661060567983,"stop":1661060569001,"duration":1018}},{"uid":"66ba040cc9029a45","reportUrl":"https://ParthibanRajasekaran.github.io/testng-spring-selenium/241//#testresult/66ba040cc9029a45","status":"passed","time":{"start":1660974196819,"stop":1660974198466,"duration":1647}},{"uid":"79d8cadd13e23bc6","reportUrl":"https://ParthibanRajasekaran.github.io/testng-spring-selenium/240//#testresult/79d8cadd13e23bc6","status":"passed","time":{"start":1660888052688,"stop":1660888054286,"duration":1598}},{"uid":"77f2ab062e4f089f","reportUrl":"https://ParthibanRajasekaran.github.io/testng-spring-selenium/239//#testresult/77f2ab062e4f089f","status":"passed","time":{"start":1660801991657,"stop":1660801992841,"duration":1184}},{"uid":"54202e93ce5c7486","reportUrl":"https://ParthibanRajasekaran.github.io/testng-spring-selenium/238//#testresult/54202e93ce5c7486","status":"passed","time":{"start":1660715729326,"stop":1660715730367,"duration":1041}},{"uid":"7c3b44dce9930954","reportUrl":"https://ParthibanRajasekaran.github.io/testng-spring-selenium/237//#testresult/7c3b44dce9930954","status":"passed","time":{"start":1660628392436,"stop":1660628393671,"duration":1235}},{"uid":"82886ae2b16958c9","reportUrl":"https://ParthibanRajasekaran.github.io/testng-spring-selenium/236//#testresult/82886ae2b16958c9","status":"passed","time":{"start":1660542845181,"stop":1660542847251,"duration":2070}},{"uid":"51d6706295b86776","reportUrl":"https://ParthibanRajasekaran.github.io/testng-spring-selenium/235//#testresult/51d6706295b86776","status":"passed","time":{"start":1660455700096,"stop":1660455701383,"duration":1287}},{"uid":"4d1ec10a9bdab878","reportUrl":"https://ParthibanRajasekaran.github.io/testng-spring-selenium/233//#testresult/4d1ec10a9bdab878","status":"passed","time":{"start":1660282997688,"stop":1660282999636,"duration":1948}},{"uid":"7a14e11af5396cea","reportUrl":"https://ParthibanRajasekaran.github.io/testng-spring-selenium/232//#testresult/7a14e11af5396cea","status":"passed","time":{"start":1660196516789,"stop":1660196519115,"duration":2326}}]},"tags":[]},"source":"5739806f382659c6.json","parameterValues":[]}